{"name": "TC#4 - verify that 0-0 is not equal to 0", "status": "failed", "statusDetails": {"message": "AssertionError: assert (0 - 0) != 0", "trace": "@allure.title(\"TC#4 - verify that 0-0 is not equal to 0\")\n    @allure.description(\"This is a sanity Testcase which verify that 0-0 is not equal to 0\")\n    @pytest.mark.sanity\n    def test_subtraction4():\n>       assert 0 - 0 != 0\nE       assert (0 - 0) != 0\n\nEx_22072024\\test_Lab174.py:30: AssertionError"}, "description": "This is a sanity Testcase which verify that 0-0 is not equal to 0", "start": 1722075003245, "stop": 1722075003245, "uuid": "7becdc3c-ebc8-40e2-9bde-6d6fe13724af", "historyId": "6ea6d3e28c1bdaed6c34ba622f8597bf", "testCaseId": "6ea6d3e28c1bdaed6c34ba622f8597bf", "fullName": "Ex_22072024.test_Lab174#test_subtraction4", "labels": [{"name": "tag", "value": "sanity"}, {"name": "parentSuite", "value": "Ex_22072024"}, {"name": "suite", "value": "test_Lab174"}, {"name": "host", "value": "DESKTOP-9B6SK06"}, {"name": "thread", "value": "13904-MainThread"}, {"name": "framework", "value": "pytest"}, {"name": "language", "value": "cpython3"}, {"name": "package", "value": "Ex_22072024.test_Lab174"}]}